2025/05/02 08:51:56 [error] [exception.CException] CException: Property "Account.email" is not defined. in C:\xampp\htdocs\pdc.com\framework\base\CComponent.php:130
Stack trace:
#0 C:\xampp\htdocs\pdc.com\framework\db\ar\CActiveRecord.php(145): CComponent->__get('email')
#1 C:\xampp\htdocs\pdc.com\framework\validators\CRequiredValidator.php(58): CActiveRecord->__get('email')
#2 C:\xampp\htdocs\pdc.com\framework\validators\CValidator.php(201): CRequiredValidator->validateAttribute(Object(Account), 'email')
#3 C:\xampp\htdocs\pdc.com\framework\base\CModel.php(159): CValidator->validate(Object(Account), Array)
#4 C:\xampp\htdocs\pdc.com\framework\db\ar\CActiveRecord.php(810): CModel->validate(NULL)
#5 C:\xampp\htdocs\pdc.com\protected\controllers\AccountController.php(73): CActiveRecord->save()
#6 C:\xampp\htdocs\pdc.com\framework\web\actions\CInlineAction.php(49): AccountController->actionCreate()
#7 C:\xampp\htdocs\pdc.com\framework\web\CController.php(308): CInlineAction->runWithParams(Array)
#8 C:\xampp\htdocs\pdc.com\framework\web\filters\CFilterChain.php(134): CController->runAction(Object(CInlineAction))
#9 C:\xampp\htdocs\pdc.com\framework\web\filters\CFilter.php(40): CFilterChain->run()
#10 C:\xampp\htdocs\pdc.com\framework\web\CController.php(1148): CFilter->filter(Object(CFilterChain))
#11 C:\xampp\htdocs\pdc.com\framework\web\filters\CInlineFilter.php(58): CController->filterAccessControl(Object(CFilterChain))
#12 C:\xampp\htdocs\pdc.com\framework\web\filters\CFilterChain.php(131): CInlineFilter->filter(Object(CFilterChain))
#13 C:\xampp\htdocs\pdc.com\framework\web\CController.php(291): CFilterChain->run()
#14 C:\xampp\htdocs\pdc.com\framework\web\CController.php(265): CController->runActionWithFilters(Object(CInlineAction), Array)
#15 C:\xampp\htdocs\pdc.com\framework\web\CWebApplication.php(282): CController->run('create')
#16 C:\xampp\htdocs\pdc.com\framework\web\CWebApplication.php(141): CWebApplication->runController('account/create')
#17 C:\xampp\htdocs\pdc.com\framework\base\CApplication.php(185): CWebApplication->processRequest()
#18 C:\xampp\htdocs\pdc.com\index.php(13): CApplication->run()
#19 {main}
REQUEST_URI=/index.php/account/create
HTTP_REFERER=http://localhost:8080/index.php/account/create
---
2025/05/02 08:52:08 [error] [exception.CException] CException: Property "Account.email" is not defined. in C:\xampp\htdocs\pdc.com\framework\base\CComponent.php:130
Stack trace:
#0 C:\xampp\htdocs\pdc.com\framework\db\ar\CActiveRecord.php(145): CComponent->__get('email')
#1 C:\xampp\htdocs\pdc.com\framework\validators\CRequiredValidator.php(58): CActiveRecord->__get('email')
#2 C:\xampp\htdocs\pdc.com\framework\validators\CValidator.php(201): CRequiredValidator->validateAttribute(Object(Account), 'email')
#3 C:\xampp\htdocs\pdc.com\framework\base\CModel.php(159): CValidator->validate(Object(Account), Array)
#4 C:\xampp\htdocs\pdc.com\framework\db\ar\CActiveRecord.php(810): CModel->validate(NULL)
#5 C:\xampp\htdocs\pdc.com\protected\controllers\AccountController.php(73): CActiveRecord->save()
#6 C:\xampp\htdocs\pdc.com\framework\web\actions\CInlineAction.php(49): AccountController->actionCreate()
#7 C:\xampp\htdocs\pdc.com\framework\web\CController.php(308): CInlineAction->runWithParams(Array)
#8 C:\xampp\htdocs\pdc.com\framework\web\filters\CFilterChain.php(134): CController->runAction(Object(CInlineAction))
#9 C:\xampp\htdocs\pdc.com\framework\web\filters\CFilter.php(40): CFilterChain->run()
#10 C:\xampp\htdocs\pdc.com\framework\web\CController.php(1148): CFilter->filter(Object(CFilterChain))
#11 C:\xampp\htdocs\pdc.com\framework\web\filters\CInlineFilter.php(58): CController->filterAccessControl(Object(CFilterChain))
#12 C:\xampp\htdocs\pdc.com\framework\web\filters\CFilterChain.php(131): CInlineFilter->filter(Object(CFilterChain))
#13 C:\xampp\htdocs\pdc.com\framework\web\CController.php(291): CFilterChain->run()
#14 C:\xampp\htdocs\pdc.com\framework\web\CController.php(265): CController->runActionWithFilters(Object(CInlineAction), Array)
#15 C:\xampp\htdocs\pdc.com\framework\web\CWebApplication.php(282): CController->run('create')
#16 C:\xampp\htdocs\pdc.com\framework\web\CWebApplication.php(141): CWebApplication->runController('account/create')
#17 C:\xampp\htdocs\pdc.com\framework\base\CApplication.php(185): CWebApplication->processRequest()
#18 C:\xampp\htdocs\pdc.com\index.php(13): CApplication->run()
#19 {main}
REQUEST_URI=/index.php/account/create
HTTP_REFERER=http://localhost:8080/index.php/account/create
---
